<?xml version="1.0" encoding="utf-8"?><testsuites name="pytest tests"><testsuite name="pytest" errors="0" failures="0" skipped="0" tests="23" time="2.081" timestamp="2026-04-07T17:44:08.961752+05:30" hostname="pi"><testcase classname="test_calculator" name="test_add@add" time="0.002" /><testcase classname="test_calculator" name="test_subtract@subtract" time="0.002" /><testcase classname="test_calculator" name="test_multiply@multiply" time="0.002" /><testcase classname="test_calculator" name="test_divide@divide" time="0.002" /><testcase classname="test_calculator" name="test_calculate_multiply_cases[small_positive]@multiply" time="0.003" /><testcase classname="test_calculator" name="test_calculate_subtract_cases[small_positive]@subtract" time="0.005" /><testcase classname="test_calculator" name="test_calculate_subtract_cases[balanced]@subtract" time="0.002" /><testcase classname="test_calculator" name="test_calculate_subtract_cases[odd_minus_even]@subtract" time="0.003" /><testcase classname="test_calculator" name="test_calculate_multiply_cases[whole_number]@multiply" time="0.003" /><testcase classname="test_calculator" name="test_calculate_multiply_cases[odd_times_even]@multiply" time="0.002" /><testcase classname="test_calculator" name="test_calculate_add_cases[small_positive]@add" time="0.008" /><testcase classname="test_calculator" name="test_calculate_add_cases[negative_pair]@add" time="0.002" /><testcase classname="test_calculator" name="test_calculate_add_cases[odd_plus_even]@add" time="0.002" /><testcase classname="test_calculator" name="test_divide_by_zero_raises_value_error@divide" time="0.003" /><testcase classname="test_calculator" name="test_calculate_divide_cases[small_positive]@divide" time="0.007" /><testcase classname="test_calculator" name="test_calculate_divide_cases[whole_number]@divide" time="0.002" /><testcase classname="test_calculator" name="test_calculate_divide_cases[whole_result]@divide" time="0.002" /><testcase classname="test_calculator" name="test_calculate_add_cases[mixed_large]@add" time="0.003" /><testcase classname="test_calculator" name="test_calculate_subtract_cases[negative_result]@subtract" time="0.003" /><testcase classname="test_calculator" name="test_calculate_multiply_cases[negative_pair]@multiply" time="0.003" /><testcase classname="test_calculator" name="test_calculate_divide_cases[negative_result]@divide" time="0.008" /><testcase classname="test_calculator" name="test_calculate_with_invalid_operation@misc" time="0.006" /><testcase classname="test_calculator" name="test_calculator_class_wrapper@misc" time="0.002" /></testsuite></testsuites>